  game.cpp
C:\Users\joaqu\source\repos\TP2 MAVI\TP2 MAVI\ship.h(23,61): warning C4244: 'return': conversión de 'double' a 'float'; posible pérdida de datos
C:\Users\joaqu\source\repos\TP2 MAVI\TP2 MAVI\game.cpp(6,64): warning C4244: 'argumento': conversión de 'T' a 'unsigned int'; posible pérdida de datos
          with
          [
              T=float
          ]
C:\Users\joaqu\source\repos\TP2 MAVI\TP2 MAVI\game.cpp(6,50): warning C4244: 'argumento': conversión de 'T' a 'unsigned int'; posible pérdida de datos
          with
          [
              T=float
          ]
C:\Users\joaqu\source\repos\TP2 MAVI\TP2 MAVI\game.cpp(363,39): warning C4305: 'argumento': truncamiento de 'double' a 'float'
C:\Users\joaqu\source\repos\TP2 MAVI\TP2 MAVI\game.cpp(503,131): warning C4244: 'argumento': conversión de 'const T' a 'int'; posible pérdida de datos
          with
          [
              T=float
          ]
C:\Users\joaqu\source\repos\TP2 MAVI\TP2 MAVI\game.cpp(503,83): warning C4244: 'argumento': conversión de 'const T' a 'int'; posible pérdida de datos
          with
          [
              T=float
          ]
  TP2 MAVI.vcxproj -> C:\Users\joaqu\source\repos\TP2 MAVI\x64\Debug\TP2 MAVI.exe
